
Showing logs for build [32mcb-kubecd-bdd-gh-1593053435-pr-vdvbk-1[0m stage [32mfrom-build-pack[0m and container [32mstep-credential-initializer-bgszf[0m
{"level":"info","ts":1593054140.055048,"logger":"fallback-logger","caller":"logging/config.go:69","msg":"Fetch GitHub commit ID from kodata failed: open /var/run/ko/refs/heads/0.8.0-ns-support: no such file or directory"}
{"level":"info","ts":1593054140.0555818,"logger":"fallback-logger","caller":"creds-init/main.go:40","msg":"Credentials initialized."}

Showing logs for build [32mcb-kubecd-bdd-gh-1593053435-pr-vdvbk-1[0m stage [32mfrom-build-pack[0m and container [32mstep-working-dir-initializer-7slfk[0m
{"level":"info","ts":1593054141.1557724,"logger":"fallback-logger","caller":"logging/config.go:69","msg":"Fetch GitHub commit ID from kodata failed: open /var/run/ko/HEAD: no such file or directory"}
{"level":"info","ts":1593054141.1620185,"logger":"fallback-logger","caller":"bash/main.go:64","msg":"Successfully executed command \"sh -c mkdir -p /workspace/source\"; output "}

Showing logs for build [32mcb-kubecd-bdd-gh-1593053435-pr-vdvbk-1[0m stage [32mfrom-build-pack[0m and container [32mstep-place-tools[0m

Showing logs for build [32mcb-kubecd-bdd-gh-1593053435-pr-vdvbk-1[0m stage [32mfrom-build-pack[0m and container [32mstep-git-source-cb-kubecd-bdd-gh-1593053435-pr-vdvbk-dkx98[0m
{"level":"info","ts":1593054147.3194132,"logger":"fallback-logger","caller":"logging/config.go:69","msg":"Fetch GitHub commit ID from kodata failed: open /var/run/ko/refs/heads/0.8.0-ns-support: no such file or directory"}
{"level":"info","ts":1593054148.408395,"logger":"fallback-logger","caller":"git/git.go:103","msg":"Successfully cloned https://github.com/cb-kubecd/bdd-gh-1593053435.git @ master in path /workspace/source"}

Showing logs for build [32mcb-kubecd-bdd-gh-1593053435-pr-vdvbk-1[0m stage [32mfrom-build-pack[0m and container [32mstep-git-merge[0m
Using SHAs from PULL_REFS=master:5292d840807b0a086f2d680ad731b13d6a35eb98,1:7f90f9a3724b8a97a53b96d3aa5d84e128c1bff0
DEBUG: LC_ALL=C JX_LOG_LEVEL=error git fetch origin --unshallow 7f90f9a3724b8a97a53b96d3aa5d84e128c1bff0: 5292d840807b0a086f2d680ad731b13d6a35eb98:
DEBUG: ran git fetch --unshallow origin 7f90f9a3724b8a97a53b96d3aa5d84e128c1bff0: 5292d840807b0a086f2d680ad731b13d6a35eb98: in 
DEBUG: LC_ALL=C JX_LOG_LEVEL=error git branch
DEBUG: LC_ALL=C JX_LOG_LEVEL=error git checkout master
DEBUG: ran git checkout master in 
DEBUG: LC_ALL=C JX_LOG_LEVEL=error git reset --hard 5292d840807b0a086f2d680ad731b13d6a35eb98
DEBUG: ran git reset --hard 5292d840807b0a086f2d680ad731b13d6a35eb98 in 
DEBUG: LC_ALL=C JX_LOG_LEVEL=error git clean -fd .
DEBUG: ran clean --force -d . in 
DEBUG: LC_ALL=C JX_LOG_LEVEL=error git merge 7f90f9a3724b8a97a53b96d3aa5d84e128c1bff0
DEBUG: ran git merge 7f90f9a3724b8a97a53b96d3aa5d84e128c1bff0 in 
DEBUG: LC_ALL=C JX_LOG_LEVEL=error git log --format=%H%x1f%an%x1f%ae%x1f%cn%x1f%ce%x1f%s%n%b%x1e 5292d840807b0a086f2d680ad731b13d6a35eb98..HEAD
Merged SHA 7f90f9a3724b8a97a53b96d3aa5d84e128c1bff0 with commit message 'My first PR commit' into base branch master

Showing logs for build [32mcb-kubecd-bdd-gh-1593053435-pr-vdvbk-1[0m stage [32mfrom-build-pack[0m and container [32mstep-build-make-linux[0m
CGO_ENABLED=0 GOOS=linux GOARCH=amd64 GO15VENDOREXPERIMENT=1 go build -ldflags '' -o bin/bdd-gh-1593053435 main.go

Showing logs for build [32mcb-kubecd-bdd-gh-1593053435-pr-vdvbk-1[0m stage [32mfrom-build-pack[0m and container [32mstep-build-container-build[0m
E0625 03:02:41.850921       9 aws_credentials.go:77] while getting AWS credentials NoCredentialProviders: no valid providers in chain. Deprecated.
	For verbose messaging see aws.Config.CredentialsChainVerboseErrors
[36mINFO[0m[0001] Using dockerignore file: /workspace/source/.dockerignore 
[36mINFO[0m[0001] No base image, nothing to extract            
[36mINFO[0m[0001] Built cross stage deps: map[]                
[36mINFO[0m[0001] No base image, nothing to extract            
[36mINFO[0m[0001] Executing 0 build triggers                   
[36mINFO[0m[0001] cmd: EXPOSE                                  
[36mINFO[0m[0001] Adding exposed port: 8080/tcp                
[36mINFO[0m[0001] Checking for cached layer gcr.io/jenkins-x-bdd3/cache:f7132b0c1c54fd264898052762fb0601aa73edd43b86eefe207f571a4df8af18... 
[36mINFO[0m[0001] Using caching version of cmd: COPY ./bin/ /  
[36mINFO[0m[0001] Skipping unpacking as no commands require it. 
[36mINFO[0m[0001] EXPOSE 8080                                  
[36mINFO[0m[0001] cmd: EXPOSE                                  
[36mINFO[0m[0001] Adding exposed port: 8080/tcp                
[36mINFO[0m[0001] No files changed in this command, skipping snapshotting. 
[36mINFO[0m[0001] ENTRYPOINT ["/bdd-gh-1593053435"]            
[36mINFO[0m[0001] No files changed in this command, skipping snapshotting. 
[36mINFO[0m[0001] COPY ./bin/ /                                
[36mINFO[0m[0001] Found cached layer, extracting to filesystem 

Showing logs for build [32mcb-kubecd-bdd-gh-1593053435-pr-vdvbk-1[0m stage [32mfrom-build-pack[0m and container [32mstep-postbuild-post-build[0m
no CVE provider running in the current ** namespace so skip adding image to be analysed

Showing logs for build [32mcb-kubecd-bdd-gh-1593053435-pr-vdvbk-1[0m stage [32mfrom-build-pack[0m and container [32mstep-promote-make-preview[0m
sed -i -e "s/version:.*/version: 0.0.0-SNAPSHOT-PR-1-1/" Chart.yaml
sed -i -e "s/version:.*/version: 0.0.0-SNAPSHOT-PR-1-1/" ../*/Chart.yaml
sed -i -e "s|repository:.*|repository: gcr.io\/jenkins-x-bdd3\/bdd-gh-1593053435|" values.yaml
sed -i -e "s/tag:.*/tag: 0.0.0-SNAPSHOT-PR-1-1/" values.yaml
echo "  version: 0.0.0-SNAPSHOT-PR-1-1" >> requirements.yaml
** step helm build
WARNING: No $CHART_REPOSITORY defined so using the default value of: http://jenkins-x-chartmuseum:8080
Adding missing Helm repo: storage.googleapis.com https://storage.googleapis.com/chartmuseum.jenkins-x.io
WARNING: No secrets found on "helm/repos" due: reading the secret "helm/repos" from vault: no secret "helm/repos" not found in vault
Read credentials for https://storage.googleapis.com/chartmuseum.jenkins-x.io from vault helm/repos
Successfully added Helm repository storage.googleapis.com.
Adding missing Helm repo: jenkins-x-chartmuseum http://jenkins-x-chartmuseum:8080
WARNING: No secrets found on "helm/repos" due: reading the secret "helm/repos" from vault: no secret "helm/repos" not found in vault
Read credentials for http://jenkins-x-chartmuseum:8080 from vault helm/repos
Successfully added Helm repository jenkins-x-chartmuseum.
WARNING: No $CHART_REPOSITORY defined so using the default value of: http://jenkins-x-chartmuseum:8080
Adding missing Helm repo: chartmuseum.jenkins-x.io http://chartmuseum.jenkins-x.io
WARNING: No secrets found on "helm/repos" due: reading the secret "helm/repos" from vault: no secret "helm/repos" not found in vault
Read credentials for http://chartmuseum.jenkins-x.io from vault helm/repos
Successfully added Helm repository chartmuseum.jenkins-x.io.

Showing logs for build [32mcb-kubecd-bdd-gh-1593053435-pr-vdvbk-1[0m stage [32mfrom-build-pack[0m and container [32mstep-promote-jx-preview[0m
Creating a preview
Created environment cb-kubecd-bdd-gh-1593053435-pr-1
Namespace **-cb-kubecd-bdd-gh-1593053435-pr-1 created 
expose:
  Annotations:
    helm.sh/hook: post-install,post-upgrade
    helm.sh/hook-delete-policy: hook-succeeded
  config:
    domain: c**d5.bdd.jenkins-x.rocks
    exposer: Ingress
    http: "true"
preview:
  image:
    repository: gcr.io/jenkins-x-bdd3/bdd-gh-1593053435
    tag: 0.0.0-SNAPSHOT-PR-1-1

Updating PipelineActivities cb-kubecd-bdd-gh-1593053435-pr-1-1 which has status Running
WARNING: preview application http://bdd-gh-1593053435.**-cb-kubecd-bdd-gh-1593053435-pr-1.c**d5.bdd.jenkins-x.rocks not available, error was Get http://bdd-gh-1593053435.**-cb-kubecd-bdd-gh-1593053435-pr-1.c**d5.bdd.jenkins-x.rocks: dial tcp: lookup bdd-gh-1593053435.**-cb-kubecd-bdd-gh-1593053435-pr-1.c**d5.bdd.jenkins-x.rocks on 10.11.240.10:53: no such host, delaying for: 844.315018ms
WARNING: preview application http://bdd-gh-1593053435.**-cb-kubecd-bdd-gh-1593053435-pr-1.c**d5.bdd.jenkins-x.rocks not available, error was Get http://bdd-gh-1593053435.**-cb-kubecd-bdd-gh-1593053435-pr-1.c**d5.bdd.jenkins-x.rocks: dial tcp: lookup bdd-gh-1593053435.**-cb-kubecd-bdd-gh-1593053435-pr-1.c**d5.bdd.jenkins-x.rocks on 10.11.240.10:53: no such host, delaying for: 917.511955ms
WARNING: preview application http://bdd-gh-1593053435.**-cb-kubecd-bdd-gh-1593053435-pr-1.c**d5.bdd.jenkins-x.rocks not available, error was Get http://bdd-gh-1593053435.**-cb-kubecd-bdd-gh-1593053435-pr-1.c**d5.bdd.jenkins-x.rocks: dial tcp: lookup bdd-gh-1593053435.**-cb-kubecd-bdd-gh-1593053435-pr-1.c**d5.bdd.jenkins-x.rocks on 10.11.240.10:53: no such host, delaying for: 1.826742471s
WARNING: preview application http://bdd-gh-1593053435.**-cb-kubecd-bdd-gh-1593053435-pr-1.c**d5.bdd.jenkins-x.rocks not available, error was Get http://bdd-gh-1593053435.**-cb-kubecd-bdd-gh-1593053435-pr-1.c**d5.bdd.jenkins-x.rocks: dial tcp: lookup bdd-gh-1593053435.**-cb-kubecd-bdd-gh-1593053435-pr-1.c**d5.bdd.jenkins-x.rocks on 10.11.240.10:53: no such host, delaying for: 3.134323451s
WARNING: preview application http://bdd-gh-1593053435.**-cb-kubecd-bdd-gh-1593053435-pr-1.c**d5.bdd.jenkins-x.rocks not available, error was Get http://bdd-gh-1593053435.**-cb-kubecd-bdd-gh-1593053435-pr-1.c**d5.bdd.jenkins-x.rocks: dial tcp: lookup bdd-gh-1593053435.**-cb-kubecd-bdd-gh-1593053435-pr-1.c**d5.bdd.jenkins-x.rocks on 10.11.240.10:53: no such host, delaying for: 6.821720078s
WARNING: preview application http://bdd-gh-1593053435.**-cb-kubecd-bdd-gh-1593053435-pr-1.c**d5.bdd.jenkins-x.rocks not available, error was Get http://bdd-gh-1593053435.**-cb-kubecd-bdd-gh-1593053435-pr-1.c**d5.bdd.jenkins-x.rocks: dial tcp: lookup bdd-gh-1593053435.**-cb-kubecd-bdd-gh-1593053435-pr-1.c**d5.bdd.jenkins-x.rocks on 10.11.240.10:53: no such host, delaying for: 11.377516753s
WARNING: preview application http://bdd-gh-1593053435.**-cb-kubecd-bdd-gh-1593053435-pr-1.c**d5.bdd.jenkins-x.rocks not available, error was Get http://bdd-gh-1593053435.**-cb-kubecd-bdd-gh-1593053435-pr-1.c**d5.bdd.jenkins-x.rocks: dial tcp: lookup bdd-gh-1593053435.**-cb-kubecd-bdd-gh-1593053435-pr-1.c**d5.bdd.jenkins-x.rocks on 10.11.240.10:53: no such host, delaying for: 10.448914671s
WARNING: preview application http://bdd-gh-1593053435.**-cb-kubecd-bdd-gh-1593053435-pr-1.c**d5.bdd.jenkins-x.rocks not available, error was Get http://bdd-gh-1593053435.**-cb-kubecd-bdd-gh-1593053435-pr-1.c**d5.bdd.jenkins-x.rocks: dial tcp: lookup bdd-gh-1593053435.**-cb-kubecd-bdd-gh-1593053435-pr-1.c**d5.bdd.jenkins-x.rocks on 10.11.240.10:53: no such host, delaying for: 19.803123248s
WARNING: preview application http://bdd-gh-1593053435.**-cb-kubecd-bdd-gh-1593053435-pr-1.c**d5.bdd.jenkins-x.rocks not available, error was Get http://bdd-gh-1593053435.**-cb-kubecd-bdd-gh-1593053435-pr-1.c**d5.bdd.jenkins-x.rocks: dial tcp: lookup bdd-gh-1593053435.**-cb-kubecd-bdd-gh-1593053435-pr-1.c**d5.bdd.jenkins-x.rocks on 10.11.240.10:53: no such host, delaying for: 29.299068822s
WARNING: preview application http://bdd-gh-1593053435.**-cb-kubecd-bdd-gh-1593053435-pr-1.c**d5.bdd.jenkins-x.rocks not available, error was Get http://bdd-gh-1593053435.**-cb-kubecd-bdd-gh-1593053435-pr-1.c**d5.bdd.jenkins-x.rocks: dial tcp: lookup bdd-gh-1593053435.**-cb-kubecd-bdd-gh-1593053435-pr-1.c**d5.bdd.jenkins-x.rocks on 10.11.240.10:53: no such host, delaying for: 21.289378072s
Preview application is now available at: http://bdd-gh-1593053435.**-cb-kubecd-bdd-gh-1593053435-pr-1.c**d5.bdd.jenkins-x.rocks
